# JRE version: OpenJDK Runtime Environment (15.0.2+10) (build 15.0.2+10)
# Java VM: OpenJDK 64-Bit Server VM (15.0.2+10, mixed mode, sharing, tiered, compressed oops, g1 gc, windows-amd64)
GC Precious Log:
 CPUs: 16 total, 16 available
 Memory: 16196M
 Large Page Support: Disabled
 NUMA Support: Disabled
 Compressed Oops: Enabled (Zero based)
 Heap Region Size: 2M
 Heap Min Capacity: 8M
 Heap Initial Capacity: 254M
 Heap Max Capacity: 4050M
 Pre-touch: Disabled
 Parallel Workers: 13
 Concurrent Workers: 3
 Concurrent Refinement Workers: 13
 Periodic GC: Disabled
Heap:
 garbage-first heap   total 194560K, used 133299K [0x0000000702e00000, 0x0000000800000000)
  region size 2048K, 18 young (36864K), 1 survivors (2048K)
 Metaspace       used 75372K, capacity 75901K, committed 76460K, reserved 1116160K
  class space    used 9646K, capacity 9799K, committed 9984K, reserved 1048576K
GC Heap History (20 events):
Event: 2355.834 GC heap before
{Heap before GC invocations=47 (full 0):
 garbage-first heap   total 194560K, used 168198K [0x0000000702e00000, 0x0000000800000000)
  region size 2048K, 29 young (59392K), 1 survivors (2048K)
 Metaspace       used 75530K, capacity 76236K, committed 76460K, reserved 1116160K
  class space    used 9688K, capacity 9886K, committed 9984K, reserved 1048576K
}
Event: 2355.837 GC heap after
{Heap after GC invocations=48 (full 0):
 garbage-first heap   total 194560K, used 110823K [0x0000000702e00000, 0x0000000800000000)
  region size 2048K, 1 young (2048K), 1 survivors (2048K)
 Metaspace       used 75530K, capacity 76236K, committed 76460K, reserved 1116160K
  class space    used 9688K, capacity 9886K, committed 9984K, reserved 1048576K
}
Event: 2598.425 GC heap before
{Heap before GC invocations=48 (full 0):
 garbage-first heap   total 194560K, used 170215K [0x0000000702e00000, 0x0000000800000000)
  region size 2048K, 30 young (61440K), 1 survivors (2048K)
 Metaspace       used 75543K, capacity 76236K, committed 76460K, reserved 1116160K
  class space    used 9688K, capacity 9886K, committed 9984K, reserved 1048576K
}
Event: 2598.427 GC heap after
{Heap after GC invocations=49 (full 0):
 garbage-first heap   total 194560K, used 110965K [0x0000000702e00000, 0x0000000800000000)
  region size 2048K, 1 young (2048K), 1 survivors (2048K)
 Metaspace       used 75543K, capacity 76236K, committed 76460K, reserved 1116160K
  class space    used 9688K, capacity 9886K, committed 9984K, reserved 1048576K
}
Event: 2828.042 GC heap before
{Heap before GC invocations=50 (full 0):
 garbage-first heap   total 194560K, used 170357K [0x0000000702e00000, 0x0000000800000000)
  region size 2048K, 30 young (61440K), 1 survivors (2048K)
 Metaspace       used 75598K, capacity 76300K, committed 76460K, reserved 1116160K
  class space    used 9688K, capacity 9886K, committed 9984K, reserved 1048576K
}
Event: 2828.048 GC heap after
{Heap after GC invocations=51 (full 0):
 garbage-first heap   total 194560K, used 111583K [0x0000000702e00000, 0x0000000800000000)
  region size 2048K, 2 young (4096K), 2 survivors (4096K)
 Metaspace       used 75598K, capacity 76300K, committed 76460K, reserved 1116160K
  class space    used 9688K, capacity 9886K, committed 9984K, reserved 1048576K
}
Event: 3120.977 GC heap before
{Heap before GC invocations=51 (full 0):
 garbage-first heap   total 194560K, used 166879K [0x0000000702e00000, 0x0000000800000000)
  region size 2048K, 29 young (59392K), 2 survivors (4096K)
 Metaspace       used 75598K, capacity 76300K, committed 76460K, reserved 1116160K
  class space    used 9688K, capacity 9886K, committed 9984K, reserved 1048576K
}
Event: 3120.984 GC heap after
{Heap after GC invocations=52 (full 0):
 garbage-first heap   total 194560K, used 110847K [0x0000000702e00000, 0x0000000800000000)
  region size 2048K, 1 young (2048K), 1 survivors (2048K)
 Metaspace       used 75598K, capacity 76300K, committed 76460K, reserved 1116160K
  class space    used 9688K, capacity 9886K, committed 9984K, reserved 1048576K
}
Event: 3424.538 GC heap before
{Heap before GC invocations=53 (full 0):
 garbage-first heap   total 194560K, used 168191K [0x0000000702e00000, 0x0000000800000000)
  region size 2048K, 29 young (59392K), 1 survivors (2048K)
 Metaspace       used 75598K, capacity 76300K, committed 76460K, reserved 1116160K
  class space    used 9688K, capacity 9886K, committed 9984K, reserved 1048576K
}
Event: 3424.542 GC heap after
{Heap after GC invocations=54 (full 0):
 garbage-first heap   total 194560K, used 110822K [0x0000000702e00000, 0x0000000800000000)
  region size 2048K, 1 young (2048K), 1 survivors (2048K)
 Metaspace       used 75598K, capacity 76300K, committed 76460K, reserved 1116160K
  class space    used 9688K, capacity 9886K, committed 9984K, reserved 1048576K
}
Event: 3738.458 GC heap before
{Heap before GC invocations=54 (full 0):
 garbage-first heap   total 194560K, used 170214K [0x0000000702e00000, 0x0000000800000000)
  region size 2048K, 30 young (61440K), 1 survivors (2048K)
 Metaspace       used 75598K, capacity 76300K, committed 76460K, reserved 1116160K
  class space    used 9688K, capacity 9886K, committed 9984K, reserved 1048576K
}
Event: 3738.466 GC heap after
{Heap after GC invocations=55 (full 0):
 garbage-first heap   total 194560K, used 110770K [0x0000000702e00000, 0x0000000800000000)
  region size 2048K, 1 young (2048K), 1 survivors (2048K)
 Metaspace       used 75598K, capacity 76300K, committed 76460K, reserved 1116160K
  class space    used 9688K, capacity 9886K, committed 9984K, reserved 1048576K
}
Event: 4054.362 GC heap before
{Heap before GC invocations=56 (full 0):
 garbage-first heap   total 194560K, used 170162K [0x0000000702e00000, 0x0000000800000000)
  region size 2048K, 30 young (61440K), 1 survivors (2048K)
 Metaspace       used 75599K, capacity 76300K, committed 76460K, reserved 1116160K
  class space    used 9688K, capacity 9886K, committed 9984K, reserved 1048576K
}
Event: 4054.368 GC heap after
{Heap after GC invocations=57 (full 0):
 garbage-first heap   total 194560K, used 110809K [0x0000000702e00000, 0x0000000800000000)
  region size 2048K, 1 young (2048K), 1 survivors (2048K)
 Metaspace       used 75599K, capacity 76300K, committed 76460K, reserved 1116160K
  class space    used 9688K, capacity 9886K, committed 9984K, reserved 1048576K
}
Event: 4370.564 GC heap before
{Heap before GC invocations=57 (full 0):
 garbage-first heap   total 194560K, used 170201K [0x0000000702e00000, 0x0000000800000000)
  region size 2048K, 30 young (61440K), 1 survivors (2048K)
 Metaspace       used 75602K, capacity 76300K, committed 76460K, reserved 1116160K
  class space    used 9689K, capacity 9886K, committed 9984K, reserved 1048576K
}
Event: 4370.567 GC heap after
{Heap after GC invocations=58 (full 0):
 garbage-first heap   total 194560K, used 110785K [0x0000000702e00000, 0x0000000800000000)
  region size 2048K, 1 young (2048K), 1 survivors (2048K)
 Metaspace       used 75602K, capacity 76300K, committed 76460K, reserved 1116160K
  class space    used 9689K, capacity 9886K, committed 9984K, reserved 1048576K
}
Event: 4676.940 GC heap before
{Heap before GC invocations=59 (full 0):
 garbage-first heap   total 194560K, used 168129K [0x0000000702e00000, 0x0000000800000000)
  region size 2048K, 29 young (59392K), 1 survivors (2048K)
 Metaspace       used 75366K, capacity 75901K, committed 76460K, reserved 1116160K
  class space    used 9646K, capacity 9799K, committed 9984K, reserved 1048576K
}
Event: 4676.945 GC heap after
{Heap after GC invocations=60 (full 0):
 garbage-first heap   total 194560K, used 110818K [0x0000000702e00000, 0x0000000800000000)
  region size 2048K, 1 young (2048K), 1 survivors (2048K)
 Metaspace       used 75366K, capacity 75901K, committed 76460K, reserved 1116160K
  class space    used 9646K, capacity 9799K, committed 9984K, reserved 1048576K
}
Event: 4708.954 GC heap before
{Heap before GC invocations=60 (full 0):
 garbage-first heap   total 194560K, used 116962K [0x0000000702e00000, 0x0000000800000000)
  region size 2048K, 4 young (8192K), 1 survivors (2048K)
 Metaspace       used 75366K, capacity 75901K, committed 76460K, reserved 1116160K
  class space    used 9646K, capacity 9799K, committed 9984K, reserved 1048576K
}
Event: 4709.003 GC heap after
{Heap after GC invocations=61 (full 0):
 garbage-first heap   total 194560K, used 100531K [0x0000000702e00000, 0x0000000800000000)
  region size 2048K, 1 young (2048K), 1 survivors (2048K)
 Metaspace       used 75366K, capacity 75901K, committed 76460K, reserved 1116160K
  class space    used 9646K, capacity 9799K, committed 9984K, reserved 1048576K
}

